<?xml version="1.0" encoding="UTF-8"?>
<testsuite name="SumTest" tests="1" skipped="0" failures="0" errors="0" timestamp="2019-02-28T11:01:17" hostname="AntonMihai-Pc" time="0.001">
  <properties/>
  <testcase name="makeSum" classname="SumTest" time="0.001"/>
  <system-out><![CDATA[]]></system-out>
  <system-err><![CDATA[]]></system-err>
</testsuite>
